/home/yusen/auto_car/install/pca9685_control/lib/python3.12/site-packages/pca9685_control/__init__.py
/home/yusen/auto_car/install/pca9685_control/lib/python3.12/site-packages/pca9685_control/publisher_member_function.py
/home/yusen/auto_car/install/pca9685_control/lib/python3.12/site-packages/pca9685_control/my_node.py
/home/yusen/auto_car/install/pca9685_control/lib/python3.12/site-packages/pca9685_control/subscriber_member_function.py
/home/yusen/auto_car/install/pca9685_control/lib/python3.12/site-packages/pca9685_control/__pycache__/__init__.cpython-312.pyc
/home/yusen/auto_car/install/pca9685_control/lib/python3.12/site-packages/pca9685_control/__pycache__/publisher_member_function.cpython-312.pyc
/home/yusen/auto_car/install/pca9685_control/lib/python3.12/site-packages/pca9685_control/__pycache__/my_node.cpython-312.pyc
/home/yusen/auto_car/install/pca9685_control/lib/python3.12/site-packages/pca9685_control/__pycache__/subscriber_member_function.cpython-312.pyc
/home/yusen/auto_car/install/pca9685_control/share/ament_index/resource_index/packages/pca9685_control
/home/yusen/auto_car/install/pca9685_control/share/pca9685_control/package.xml
/home/yusen/auto_car/install/pca9685_control/lib/python3.12/site-packages/pca9685_control-0.0.0-py3.12.egg-info/SOURCES.txt
/home/yusen/auto_car/install/pca9685_control/lib/python3.12/site-packages/pca9685_control-0.0.0-py3.12.egg-info/top_level.txt
/home/yusen/auto_car/install/pca9685_control/lib/python3.12/site-packages/pca9685_control-0.0.0-py3.12.egg-info/PKG-INFO
/home/yusen/auto_car/install/pca9685_control/lib/python3.12/site-packages/pca9685_control-0.0.0-py3.12.egg-info/zip-safe
/home/yusen/auto_car/install/pca9685_control/lib/python3.12/site-packages/pca9685_control-0.0.0-py3.12.egg-info/requires.txt
/home/yusen/auto_car/install/pca9685_control/lib/python3.12/site-packages/pca9685_control-0.0.0-py3.12.egg-info/dependency_links.txt
/home/yusen/auto_car/install/pca9685_control/lib/python3.12/site-packages/pca9685_control-0.0.0-py3.12.egg-info/entry_points.txt
/home/yusen/auto_car/install/pca9685_control/lib/pca9685_control/listener
/home/yusen/auto_car/install/pca9685_control/lib/pca9685_control/my_node
/home/yusen/auto_car/install/pca9685_control/lib/pca9685_control/talker
