[0.487s] DEBUG:colcon:Command line arguments: ['/usr/bin/colcon', 'build']
[0.488s] DEBUG:colcon:Parsed command line arguments: Namespace(log_base=None, log_level=None, verb_name='build', build_base='build', install_base='install', merge_install=False, symlink_install=False, test_result_base=None, continue_on_error=False, executor='parallel', parallel_workers=4, event_handlers=None, ignore_user_meta=False, metas=['./colcon.meta'], base_paths=['.'], packages_ignore=None, packages_ignore_regex=None, paths=None, packages_up_to=None, packages_up_to_regex=None, packages_above=None, packages_above_and_dependencies=None, packages_above_depth=None, packages_select_by_dep=None, packages_skip_by_dep=None, packages_skip_up_to=None, packages_select_build_failed=False, packages_skip_build_finished=False, packages_select_test_failures=False, packages_skip_test_passed=False, packages_select=None, packages_skip=None, packages_select_regex=None, packages_skip_regex=None, packages_start=None, packages_end=None, allow_overriding=[], cmake_args=None, cmake_target=None, cmake_target_skip_unavailable=False, cmake_clean_cache=False, cmake_clean_first=False, cmake_force_configure=False, ament_cmake_args=None, catkin_cmake_args=None, catkin_skip_building_tests=False, mixin_files=None, mixin=None, verb_parser=<colcon_mixin.mixin.mixin_argument.MixinArgumentDecorator object at 0xffffae234c80>, verb_extension=<colcon_core.verb.build.BuildVerb object at 0xffffae3e52b0>, main=<bound method BuildVerb.main of <colcon_core.verb.build.BuildVerb object at 0xffffae3e52b0>>, mixin_verb=('build',))
[0.666s] Level 1:colcon.colcon_core.package_discovery:discover_packages(colcon_meta) check parameters
[0.666s] Level 1:colcon.colcon_core.package_discovery:discover_packages(recursive) check parameters
[0.666s] Level 1:colcon.colcon_core.package_discovery:discover_packages(ignore) check parameters
[0.666s] Level 1:colcon.colcon_core.package_discovery:discover_packages(path) check parameters
[0.667s] Level 1:colcon.colcon_core.package_discovery:discover_packages(colcon_meta) discover
[0.667s] Level 1:colcon.colcon_core.package_discovery:discover_packages(recursive) discover
[0.667s] INFO:colcon.colcon_core.package_discovery:Crawling recursively for packages in '/home/yusen/auto_car'
[0.667s] Level 1:colcon.colcon_core.package_identification:_identify(.) by extensions ['ignore', 'ignore_ament_install']
[0.668s] Level 1:colcon.colcon_core.package_identification:_identify(.) by extension 'ignore'
[0.668s] Level 1:colcon.colcon_core.package_identification:_identify(.) by extension 'ignore_ament_install'
[0.668s] Level 1:colcon.colcon_core.package_identification:_identify(.) by extensions ['colcon_pkg']
[0.668s] Level 1:colcon.colcon_core.package_identification:_identify(.) by extension 'colcon_pkg'
[0.668s] Level 1:colcon.colcon_core.package_identification:_identify(.) by extensions ['colcon_meta']
[0.669s] Level 1:colcon.colcon_core.package_identification:_identify(.) by extension 'colcon_meta'
[0.669s] Level 1:colcon.colcon_core.package_identification:_identify(.) by extensions ['ros']
[0.669s] Level 1:colcon.colcon_core.package_identification:_identify(.) by extension 'ros'
[0.778s] Level 1:colcon.colcon_core.package_identification:_identify(.) by extensions ['cmake', 'python']
[0.779s] Level 1:colcon.colcon_core.package_identification:_identify(.) by extension 'cmake'
[0.779s] Level 1:colcon.colcon_core.package_identification:_identify(.) by extension 'python'
[0.779s] Level 1:colcon.colcon_core.package_identification:_identify(.) by extensions ['python_setup_py']
[0.779s] Level 1:colcon.colcon_core.package_identification:_identify(.) by extension 'python_setup_py'
[0.780s] Level 1:colcon.colcon_core.package_identification:_identify(build) by extensions ['ignore', 'ignore_ament_install']
[0.780s] Level 1:colcon.colcon_core.package_identification:_identify(build) by extension 'ignore'
[0.780s] Level 1:colcon.colcon_core.package_identification:_identify(build) ignored
[0.781s] Level 1:colcon.colcon_core.package_identification:_identify(install) by extensions ['ignore', 'ignore_ament_install']
[0.781s] Level 1:colcon.colcon_core.package_identification:_identify(install) by extension 'ignore'
[0.781s] Level 1:colcon.colcon_core.package_identification:_identify(install) ignored
[0.782s] Level 1:colcon.colcon_core.package_identification:_identify(log) by extensions ['ignore', 'ignore_ament_install']
[0.782s] Level 1:colcon.colcon_core.package_identification:_identify(log) by extension 'ignore'
[0.782s] Level 1:colcon.colcon_core.package_identification:_identify(log) ignored
[0.782s] Level 1:colcon.colcon_core.package_identification:_identify(src) by extensions ['ignore', 'ignore_ament_install']
[0.783s] Level 1:colcon.colcon_core.package_identification:_identify(src) by extension 'ignore'
[0.783s] Level 1:colcon.colcon_core.package_identification:_identify(src) by extension 'ignore_ament_install'
[0.783s] Level 1:colcon.colcon_core.package_identification:_identify(src) by extensions ['colcon_pkg']
[0.783s] Level 1:colcon.colcon_core.package_identification:_identify(src) by extension 'colcon_pkg'
[0.783s] Level 1:colcon.colcon_core.package_identification:_identify(src) by extensions ['colcon_meta']
[0.784s] Level 1:colcon.colcon_core.package_identification:_identify(src) by extension 'colcon_meta'
[0.784s] Level 1:colcon.colcon_core.package_identification:_identify(src) by extensions ['ros']
[0.784s] Level 1:colcon.colcon_core.package_identification:_identify(src) by extension 'ros'
[0.784s] Level 1:colcon.colcon_core.package_identification:_identify(src) by extensions ['cmake', 'python']
[0.784s] Level 1:colcon.colcon_core.package_identification:_identify(src) by extension 'cmake'
[0.784s] Level 1:colcon.colcon_core.package_identification:_identify(src) by extension 'python'
[0.785s] Level 1:colcon.colcon_core.package_identification:_identify(src) by extensions ['python_setup_py']
[0.785s] Level 1:colcon.colcon_core.package_identification:_identify(src) by extension 'python_setup_py'
[0.785s] Level 1:colcon.colcon_core.package_identification:_identify(src/pca9685_control) by extensions ['ignore', 'ignore_ament_install']
[0.785s] Level 1:colcon.colcon_core.package_identification:_identify(src/pca9685_control) by extension 'ignore'
[0.786s] Level 1:colcon.colcon_core.package_identification:_identify(src/pca9685_control) by extension 'ignore_ament_install'
[0.786s] Level 1:colcon.colcon_core.package_identification:_identify(src/pca9685_control) by extensions ['colcon_pkg']
[0.786s] Level 1:colcon.colcon_core.package_identification:_identify(src/pca9685_control) by extension 'colcon_pkg'
[0.786s] Level 1:colcon.colcon_core.package_identification:_identify(src/pca9685_control) by extensions ['colcon_meta']
[0.786s] Level 1:colcon.colcon_core.package_identification:_identify(src/pca9685_control) by extension 'colcon_meta'
[0.786s] Level 1:colcon.colcon_core.package_identification:_identify(src/pca9685_control) by extensions ['ros']
[0.786s] Level 1:colcon.colcon_core.package_identification:_identify(src/pca9685_control) by extension 'ros'
[0.795s] DEBUG:colcon.colcon_core.package_identification:Package 'src/pca9685_control' with type 'ros.ament_python' and name 'pca9685_control'
[0.795s] Level 1:colcon.colcon_core.package_discovery:discover_packages(recursive) using defaults
[0.796s] Level 1:colcon.colcon_core.package_discovery:discover_packages(ignore) discover
[0.796s] Level 1:colcon.colcon_core.package_discovery:discover_packages(ignore) using defaults
[0.796s] Level 1:colcon.colcon_core.package_discovery:discover_packages(path) discover
[0.796s] Level 1:colcon.colcon_core.package_discovery:discover_packages(path) using defaults
[0.866s] Level 1:colcon.colcon_core.package_discovery:discover_packages(prefix_path) check parameters
[0.866s] Level 1:colcon.colcon_core.package_discovery:discover_packages(prefix_path) discover
[0.875s] DEBUG:colcon.colcon_installed_package_information.package_discovery:Found 1 installed packages in /home/yusen/auto_car/install
[0.889s] DEBUG:colcon.colcon_installed_package_information.package_discovery:Found 374 installed packages in /opt/ros/jazzy
[0.898s] Level 1:colcon.colcon_core.package_discovery:discover_packages(prefix_path) using defaults
[1.148s] Level 5:colcon.colcon_core.verb:set package 'pca9685_control' build argument 'cmake_args' from command line to 'None'
[1.148s] Level 5:colcon.colcon_core.verb:set package 'pca9685_control' build argument 'cmake_target' from command line to 'None'
[1.148s] Level 5:colcon.colcon_core.verb:set package 'pca9685_control' build argument 'cmake_target_skip_unavailable' from command line to 'False'
[1.148s] Level 5:colcon.colcon_core.verb:set package 'pca9685_control' build argument 'cmake_clean_cache' from command line to 'False'
[1.148s] Level 5:colcon.colcon_core.verb:set package 'pca9685_control' build argument 'cmake_clean_first' from command line to 'False'
[1.148s] Level 5:colcon.colcon_core.verb:set package 'pca9685_control' build argument 'cmake_force_configure' from command line to 'False'
[1.148s] Level 5:colcon.colcon_core.verb:set package 'pca9685_control' build argument 'ament_cmake_args' from command line to 'None'
[1.149s] Level 5:colcon.colcon_core.verb:set package 'pca9685_control' build argument 'catkin_cmake_args' from command line to 'None'
[1.149s] Level 5:colcon.colcon_core.verb:set package 'pca9685_control' build argument 'catkin_skip_building_tests' from command line to 'False'
[1.149s] DEBUG:colcon.colcon_core.verb:Building package 'pca9685_control' with the following arguments: {'ament_cmake_args': None, 'build_base': '/home/yusen/auto_car/build/pca9685_control', 'catkin_cmake_args': None, 'catkin_skip_building_tests': False, 'cmake_args': None, 'cmake_clean_cache': False, 'cmake_clean_first': False, 'cmake_force_configure': False, 'cmake_target': None, 'cmake_target_skip_unavailable': False, 'install_base': '/home/yusen/auto_car/install/pca9685_control', 'merge_install': False, 'path': '/home/yusen/auto_car/src/pca9685_control', 'symlink_install': False, 'test_result_base': None}
[1.149s] INFO:colcon.colcon_core.executor:Executing jobs using 'parallel' executor
[1.153s] DEBUG:colcon.colcon_parallel_executor.executor.parallel:run_until_complete
[1.154s] INFO:colcon.colcon_ros.task.ament_python.build:Building ROS package in '/home/yusen/auto_car/src/pca9685_control' with build type 'ament_python'
[1.154s] Level 1:colcon.colcon_core.shell:create_environment_hook('pca9685_control', 'ament_prefix_path')
[1.170s] INFO:colcon.colcon_core.plugin_system:Skipping extension 'colcon_core.shell.bat': Not used on non-Windows systems
[1.172s] INFO:colcon.colcon_core.shell:Creating environment hook '/home/yusen/auto_car/install/pca9685_control/share/pca9685_control/hook/ament_prefix_path.ps1'
[1.175s] INFO:colcon.colcon_core.shell:Creating environment descriptor '/home/yusen/auto_car/install/pca9685_control/share/pca9685_control/hook/ament_prefix_path.dsv'
[1.182s] INFO:colcon.colcon_core.shell:Creating environment hook '/home/yusen/auto_car/install/pca9685_control/share/pca9685_control/hook/ament_prefix_path.sh'
[1.186s] INFO:colcon.colcon_core.shell:Skip shell extension 'powershell' for command environment: Not usable outside of PowerShell
[1.187s] DEBUG:colcon.colcon_core.shell:Skip shell extension 'dsv' for command environment
[2.332s] INFO:colcon.colcon_core.task.python.build:Building Python package in '/home/yusen/auto_car/src/pca9685_control'
[2.333s] INFO:colcon.colcon_core.shell:Skip shell extension 'powershell' for command environment: Not usable outside of PowerShell
[2.333s] DEBUG:colcon.colcon_core.shell:Skip shell extension 'dsv' for command environment
[5.514s] DEBUG:colcon.colcon_core.event_handler.log_command:Invoking command in '/home/yusen/auto_car/src/pca9685_control': DEBUGINFOD_URLS=https://debuginfod.ubuntu.com PYTHONPATH=/home/yusen/auto_car/build/pca9685_control/prefix_override:/usr/lib/python3/dist-packages/colcon_core/task/python/colcon_distutils_commands:/home/yusen/auto_car/install/pca9685_control/lib/python3.12/site-packages:${PYTHONPATH} /usr/bin/python3 -W ignore:setup.py install is deprecated -W ignore:easy_install command is deprecated setup.py egg_info --egg-base ../../build/pca9685_control build --build-base /home/yusen/auto_car/build/pca9685_control/build install --record /home/yusen/auto_car/build/pca9685_control/install.log --single-version-externally-managed install_data
[9.471s] DEBUG:colcon.colcon_core.event_handler.log_command:Invoked command in '/home/yusen/auto_car/src/pca9685_control' returned '0': DEBUGINFOD_URLS=https://debuginfod.ubuntu.com PYTHONPATH=/home/yusen/auto_car/build/pca9685_control/prefix_override:/usr/lib/python3/dist-packages/colcon_core/task/python/colcon_distutils_commands:/home/yusen/auto_car/install/pca9685_control/lib/python3.12/site-packages:${PYTHONPATH} /usr/bin/python3 -W ignore:setup.py install is deprecated -W ignore:easy_install command is deprecated setup.py egg_info --egg-base ../../build/pca9685_control build --build-base /home/yusen/auto_car/build/pca9685_control/build install --record /home/yusen/auto_car/build/pca9685_control/install.log --single-version-externally-managed install_data
[9.481s] Level 1:colcon.colcon_core.environment:checking '/home/yusen/auto_car/install/pca9685_control' for CMake module files
[9.484s] Level 1:colcon.colcon_core.environment:checking '/home/yusen/auto_car/install/pca9685_control' for CMake config files
[9.488s] Level 1:colcon.colcon_core.environment:checking '/home/yusen/auto_car/install/pca9685_control/lib'
[9.489s] Level 1:colcon.colcon_core.environment:checking '/home/yusen/auto_car/install/pca9685_control/bin'
[9.489s] Level 1:colcon.colcon_core.environment:checking '/home/yusen/auto_car/install/pca9685_control/lib/pkgconfig/pca9685_control.pc'
[9.490s] Level 1:colcon.colcon_core.environment:checking '/home/yusen/auto_car/install/pca9685_control/lib/python3.12/site-packages'
[9.491s] Level 1:colcon.colcon_core.shell:create_environment_hook('pca9685_control', 'pythonpath')
[9.491s] INFO:colcon.colcon_core.shell:Creating environment hook '/home/yusen/auto_car/install/pca9685_control/share/pca9685_control/hook/pythonpath.ps1'
[9.493s] INFO:colcon.colcon_core.shell:Creating environment descriptor '/home/yusen/auto_car/install/pca9685_control/share/pca9685_control/hook/pythonpath.dsv'
[9.495s] INFO:colcon.colcon_core.shell:Creating environment hook '/home/yusen/auto_car/install/pca9685_control/share/pca9685_control/hook/pythonpath.sh'
[9.497s] Level 1:colcon.colcon_core.environment:checking '/home/yusen/auto_car/install/pca9685_control/bin'
[9.498s] Level 1:colcon.colcon_core.environment:create_environment_scripts_only(pca9685_control)
[9.499s] INFO:colcon.colcon_core.shell:Creating package script '/home/yusen/auto_car/install/pca9685_control/share/pca9685_control/package.ps1'
[9.502s] INFO:colcon.colcon_core.shell:Creating package descriptor '/home/yusen/auto_car/install/pca9685_control/share/pca9685_control/package.dsv'
[9.504s] INFO:colcon.colcon_core.shell:Creating package script '/home/yusen/auto_car/install/pca9685_control/share/pca9685_control/package.sh'
[9.507s] INFO:colcon.colcon_core.shell:Creating package script '/home/yusen/auto_car/install/pca9685_control/share/pca9685_control/package.bash'
[10.707s] INFO:colcon.colcon_core.shell:Creating package script '/home/yusen/auto_car/install/pca9685_control/share/pca9685_control/package.zsh'
[10.724s] Level 1:colcon.colcon_core.environment:create_file_with_runtime_dependencies(/home/yusen/auto_car/install/pca9685_control/share/colcon-core/packages/pca9685_control)
[10.729s] DEBUG:colcon.colcon_parallel_executor.executor.parallel:closing loop
[10.732s] DEBUG:colcon.colcon_parallel_executor.executor.parallel:loop closed
[10.733s] DEBUG:colcon.colcon_parallel_executor.executor.parallel:run_until_complete finished with '0'
[10.734s] DEBUG:colcon.colcon_core.event_reactor:joining thread
[10.777s] INFO:colcon.colcon_core.plugin_system:Skipping extension 'colcon_notification.desktop_notification.terminal_notifier': Not used on non-Darwin systems
[10.777s] INFO:colcon.colcon_core.plugin_system:Skipping extension 'colcon_notification.desktop_notification.win32': Not used on non-Windows systems
[10.777s] INFO:colcon.colcon_notification.desktop_notification:Sending desktop notification using 'notify2'
[10.850s] DEBUG:colcon.colcon_core.event_reactor:joined thread
[10.851s] INFO:colcon.colcon_core.shell:Creating prefix script '/home/yusen/auto_car/install/local_setup.ps1'
[10.856s] INFO:colcon.colcon_core.shell:Creating prefix util module '/home/yusen/auto_car/install/_local_setup_util_ps1.py'
[10.864s] INFO:colcon.colcon_core.shell:Creating prefix chain script '/home/yusen/auto_car/install/setup.ps1'
[12.049s] INFO:colcon.colcon_core.shell:Creating prefix script '/home/yusen/auto_car/install/local_setup.sh'
[13.228s] INFO:colcon.colcon_core.shell:Creating prefix util module '/home/yusen/auto_car/install/_local_setup_util_sh.py'
[13.235s] INFO:colcon.colcon_core.shell:Creating prefix chain script '/home/yusen/auto_car/install/setup.sh'
[13.241s] INFO:colcon.colcon_core.shell:Creating prefix script '/home/yusen/auto_car/install/local_setup.bash'
[13.243s] INFO:colcon.colcon_core.shell:Creating prefix chain script '/home/yusen/auto_car/install/setup.bash'
[13.247s] INFO:colcon.colcon_core.shell:Creating prefix script '/home/yusen/auto_car/install/local_setup.zsh'
[13.249s] INFO:colcon.colcon_core.shell:Creating prefix chain script '/home/yusen/auto_car/install/setup.zsh'
