[1.610s] DEBUG:colcon:Command line arguments: ['/usr/bin/colcon', 'build', '--symlink-install']
[1.610s] DEBUG:colcon:Parsed command line arguments: Namespace(log_base=None, log_level=None, verb_name='build', build_base='build', install_base='install', merge_install=False, symlink_install=True, test_result_base=None, continue_on_error=False, executor='parallel', parallel_workers=4, event_handlers=None, ignore_user_meta=False, metas=['./colcon.meta'], base_paths=['.'], packages_ignore=None, packages_ignore_regex=None, paths=None, packages_up_to=None, packages_up_to_regex=None, packages_above=None, packages_above_and_dependencies=None, packages_above_depth=None, packages_select_by_dep=None, packages_skip_by_dep=None, packages_skip_up_to=None, packages_select_build_failed=False, packages_skip_build_finished=False, packages_select_test_failures=False, packages_skip_test_passed=False, packages_select=None, packages_skip=None, packages_select_regex=None, packages_skip_regex=None, packages_start=None, packages_end=None, allow_overriding=[], cmake_args=None, cmake_target=None, cmake_target_skip_unavailable=False, cmake_clean_cache=False, cmake_clean_first=False, cmake_force_configure=False, ament_cmake_args=None, catkin_cmake_args=None, catkin_skip_building_tests=False, mixin_files=None, mixin=None, verb_parser=<colcon_mixin.mixin.mixin_argument.MixinArgumentDecorator object at 0xffff9c8b7620>, verb_extension=<colcon_core.verb.build.BuildVerb object at 0xffff9ca6fa10>, main=<bound method BuildVerb.main of <colcon_core.verb.build.BuildVerb object at 0xffff9ca6fa10>>, mixin_verb=('build',))
[1.915s] Level 1:colcon.colcon_core.package_discovery:discover_packages(colcon_meta) check parameters
[1.916s] Level 1:colcon.colcon_core.package_discovery:discover_packages(recursive) check parameters
[1.916s] Level 1:colcon.colcon_core.package_discovery:discover_packages(ignore) check parameters
[1.916s] Level 1:colcon.colcon_core.package_discovery:discover_packages(path) check parameters
[1.916s] Level 1:colcon.colcon_core.package_discovery:discover_packages(colcon_meta) discover
[1.916s] Level 1:colcon.colcon_core.package_discovery:discover_packages(recursive) discover
[1.916s] INFO:colcon.colcon_core.package_discovery:Crawling recursively for packages in '/home/yusen/Autonomous-RC-Car/ws_autocar'
[1.917s] Level 1:colcon.colcon_core.package_identification:_identify(.) by extensions ['ignore', 'ignore_ament_install']
[1.917s] Level 1:colcon.colcon_core.package_identification:_identify(.) by extension 'ignore'
[1.918s] Level 1:colcon.colcon_core.package_identification:_identify(.) by extension 'ignore_ament_install'
[1.918s] Level 1:colcon.colcon_core.package_identification:_identify(.) by extensions ['colcon_pkg']
[1.918s] Level 1:colcon.colcon_core.package_identification:_identify(.) by extension 'colcon_pkg'
[1.918s] Level 1:colcon.colcon_core.package_identification:_identify(.) by extensions ['colcon_meta']
[1.918s] Level 1:colcon.colcon_core.package_identification:_identify(.) by extension 'colcon_meta'
[1.919s] Level 1:colcon.colcon_core.package_identification:_identify(.) by extensions ['ros']
[1.919s] Level 1:colcon.colcon_core.package_identification:_identify(.) by extension 'ros'
[2.068s] Level 1:colcon.colcon_core.package_identification:_identify(.) by extensions ['cmake', 'python']
[2.068s] Level 1:colcon.colcon_core.package_identification:_identify(.) by extension 'cmake'
[2.068s] Level 1:colcon.colcon_core.package_identification:_identify(.) by extension 'python'
[2.069s] Level 1:colcon.colcon_core.package_identification:_identify(.) by extensions ['python_setup_py']
[2.069s] Level 1:colcon.colcon_core.package_identification:_identify(.) by extension 'python_setup_py'
[2.069s] Level 1:colcon.colcon_core.package_identification:_identify(build) by extensions ['ignore', 'ignore_ament_install']
[2.070s] Level 1:colcon.colcon_core.package_identification:_identify(build) by extension 'ignore'
[2.070s] Level 1:colcon.colcon_core.package_identification:_identify(build) ignored
[2.070s] Level 1:colcon.colcon_core.package_identification:_identify(install) by extensions ['ignore', 'ignore_ament_install']
[2.071s] Level 1:colcon.colcon_core.package_identification:_identify(install) by extension 'ignore'
[2.071s] Level 1:colcon.colcon_core.package_identification:_identify(install) ignored
[2.071s] Level 1:colcon.colcon_core.package_identification:_identify(log) by extensions ['ignore', 'ignore_ament_install']
[2.071s] Level 1:colcon.colcon_core.package_identification:_identify(log) by extension 'ignore'
[2.072s] Level 1:colcon.colcon_core.package_identification:_identify(log) ignored
[2.072s] Level 1:colcon.colcon_core.package_identification:_identify(src) by extensions ['ignore', 'ignore_ament_install']
[2.072s] Level 1:colcon.colcon_core.package_identification:_identify(src) by extension 'ignore'
[2.072s] Level 1:colcon.colcon_core.package_identification:_identify(src) by extension 'ignore_ament_install'
[2.073s] Level 1:colcon.colcon_core.package_identification:_identify(src) by extensions ['colcon_pkg']
[2.073s] Level 1:colcon.colcon_core.package_identification:_identify(src) by extension 'colcon_pkg'
[2.073s] Level 1:colcon.colcon_core.package_identification:_identify(src) by extensions ['colcon_meta']
[2.073s] Level 1:colcon.colcon_core.package_identification:_identify(src) by extension 'colcon_meta'
[2.073s] Level 1:colcon.colcon_core.package_identification:_identify(src) by extensions ['ros']
[2.073s] Level 1:colcon.colcon_core.package_identification:_identify(src) by extension 'ros'
[2.074s] Level 1:colcon.colcon_core.package_identification:_identify(src) by extensions ['cmake', 'python']
[2.074s] Level 1:colcon.colcon_core.package_identification:_identify(src) by extension 'cmake'
[2.074s] Level 1:colcon.colcon_core.package_identification:_identify(src) by extension 'python'
[2.074s] Level 1:colcon.colcon_core.package_identification:_identify(src) by extensions ['python_setup_py']
[2.074s] Level 1:colcon.colcon_core.package_identification:_identify(src) by extension 'python_setup_py'
[2.075s] Level 1:colcon.colcon_core.package_identification:_identify(src/sllidar_ros2) by extensions ['ignore', 'ignore_ament_install']
[2.075s] Level 1:colcon.colcon_core.package_identification:_identify(src/sllidar_ros2) by extension 'ignore'
[2.075s] Level 1:colcon.colcon_core.package_identification:_identify(src/sllidar_ros2) by extension 'ignore_ament_install'
[2.075s] Level 1:colcon.colcon_core.package_identification:_identify(src/sllidar_ros2) by extensions ['colcon_pkg']
[2.076s] Level 1:colcon.colcon_core.package_identification:_identify(src/sllidar_ros2) by extension 'colcon_pkg'
[2.076s] Level 1:colcon.colcon_core.package_identification:_identify(src/sllidar_ros2) by extensions ['colcon_meta']
[2.076s] Level 1:colcon.colcon_core.package_identification:_identify(src/sllidar_ros2) by extension 'colcon_meta'
[2.076s] Level 1:colcon.colcon_core.package_identification:_identify(src/sllidar_ros2) by extensions ['ros']
[2.076s] Level 1:colcon.colcon_core.package_identification:_identify(src/sllidar_ros2) by extension 'ros'
[2.092s] DEBUG:colcon.colcon_core.package_identification:Package 'src/sllidar_ros2' with type 'ros.ament_cmake' and name 'sllidar_ros2'
[2.093s] Level 1:colcon.colcon_core.package_discovery:discover_packages(recursive) using defaults
[2.093s] Level 1:colcon.colcon_core.package_discovery:discover_packages(ignore) discover
[2.093s] Level 1:colcon.colcon_core.package_discovery:discover_packages(ignore) using defaults
[2.093s] Level 1:colcon.colcon_core.package_discovery:discover_packages(path) discover
[2.093s] Level 1:colcon.colcon_core.package_discovery:discover_packages(path) using defaults
[2.200s] Level 1:colcon.colcon_core.package_discovery:discover_packages(prefix_path) check parameters
[2.200s] Level 1:colcon.colcon_core.package_discovery:discover_packages(prefix_path) discover
[2.226s] DEBUG:colcon.colcon_installed_package_information.package_discovery:Found 316 installed packages in /opt/ros/jazzy
[2.234s] Level 1:colcon.colcon_core.package_discovery:discover_packages(prefix_path) using defaults
[2.451s] Level 5:colcon.colcon_core.verb:set package 'sllidar_ros2' build argument 'cmake_args' from command line to 'None'
[2.452s] Level 5:colcon.colcon_core.verb:set package 'sllidar_ros2' build argument 'cmake_target' from command line to 'None'
[2.452s] Level 5:colcon.colcon_core.verb:set package 'sllidar_ros2' build argument 'cmake_target_skip_unavailable' from command line to 'False'
[2.452s] Level 5:colcon.colcon_core.verb:set package 'sllidar_ros2' build argument 'cmake_clean_cache' from command line to 'False'
[2.452s] Level 5:colcon.colcon_core.verb:set package 'sllidar_ros2' build argument 'cmake_clean_first' from command line to 'False'
[2.452s] Level 5:colcon.colcon_core.verb:set package 'sllidar_ros2' build argument 'cmake_force_configure' from command line to 'False'
[2.452s] Level 5:colcon.colcon_core.verb:set package 'sllidar_ros2' build argument 'ament_cmake_args' from command line to 'None'
[2.452s] Level 5:colcon.colcon_core.verb:set package 'sllidar_ros2' build argument 'catkin_cmake_args' from command line to 'None'
[2.452s] Level 5:colcon.colcon_core.verb:set package 'sllidar_ros2' build argument 'catkin_skip_building_tests' from command line to 'False'
[2.452s] DEBUG:colcon.colcon_core.verb:Building package 'sllidar_ros2' with the following arguments: {'ament_cmake_args': None, 'build_base': '/home/yusen/Autonomous-RC-Car/ws_autocar/build/sllidar_ros2', 'catkin_cmake_args': None, 'catkin_skip_building_tests': False, 'cmake_args': None, 'cmake_clean_cache': False, 'cmake_clean_first': False, 'cmake_force_configure': False, 'cmake_target': None, 'cmake_target_skip_unavailable': False, 'install_base': '/home/yusen/Autonomous-RC-Car/ws_autocar/install/sllidar_ros2', 'merge_install': False, 'path': '/home/yusen/Autonomous-RC-Car/ws_autocar/src/sllidar_ros2', 'symlink_install': True, 'test_result_base': None}
[2.453s] INFO:colcon.colcon_core.executor:Executing jobs using 'parallel' executor
[2.456s] DEBUG:colcon.colcon_parallel_executor.executor.parallel:run_until_complete
[2.457s] INFO:colcon.colcon_ros.task.ament_cmake.build:Building ROS package in '/home/yusen/Autonomous-RC-Car/ws_autocar/src/sllidar_ros2' with build type 'ament_cmake'
[2.458s] INFO:colcon.colcon_cmake.task.cmake.build:Building CMake package in '/home/yusen/Autonomous-RC-Car/ws_autocar/src/sllidar_ros2'
[2.497s] INFO:colcon.colcon_core.plugin_system:Skipping extension 'colcon_core.shell.bat': Not used on non-Windows systems
[2.498s] INFO:colcon.colcon_core.shell:Skip shell extension 'powershell' for command environment: Not usable outside of PowerShell
[2.499s] DEBUG:colcon.colcon_core.shell:Skip shell extension 'dsv' for command environment
[2.554s] DEBUG:colcon.colcon_core.event_handler.log_command:Invoking command in '/home/yusen/Autonomous-RC-Car/ws_autocar/build/sllidar_ros2': CMAKE_PREFIX_PATH=${CMAKE_PREFIX_PATH}:/opt/ros/jazzy DEBUGINFOD_URLS=https://debuginfod.ubuntu.com /usr/bin/cmake /home/yusen/Autonomous-RC-Car/ws_autocar/src/sllidar_ros2 -DAMENT_CMAKE_SYMLINK_INSTALL=1 -DCMAKE_INSTALL_PREFIX=/home/yusen/Autonomous-RC-Car/ws_autocar/install/sllidar_ros2
[16.485s] DEBUG:colcon.colcon_core.event_handler.log_command:Invoked command in '/home/yusen/Autonomous-RC-Car/ws_autocar/build/sllidar_ros2' returned '0': CMAKE_PREFIX_PATH=${CMAKE_PREFIX_PATH}:/opt/ros/jazzy DEBUGINFOD_URLS=https://debuginfod.ubuntu.com /usr/bin/cmake /home/yusen/Autonomous-RC-Car/ws_autocar/src/sllidar_ros2 -DAMENT_CMAKE_SYMLINK_INSTALL=1 -DCMAKE_INSTALL_PREFIX=/home/yusen/Autonomous-RC-Car/ws_autocar/install/sllidar_ros2
[16.508s] DEBUG:colcon.colcon_core.event_handler.log_command:Invoking command in '/home/yusen/Autonomous-RC-Car/ws_autocar/build/sllidar_ros2': CMAKE_PREFIX_PATH=${CMAKE_PREFIX_PATH}:/opt/ros/jazzy DEBUGINFOD_URLS=https://debuginfod.ubuntu.com /usr/bin/cmake --build /home/yusen/Autonomous-RC-Car/ws_autocar/build/sllidar_ros2 -- -j4 -l4
[90.837s] DEBUG:colcon.colcon_core.event_handler.log_command:Invoked command in '/home/yusen/Autonomous-RC-Car/ws_autocar/build/sllidar_ros2' returned '0': CMAKE_PREFIX_PATH=${CMAKE_PREFIX_PATH}:/opt/ros/jazzy DEBUGINFOD_URLS=https://debuginfod.ubuntu.com /usr/bin/cmake --build /home/yusen/Autonomous-RC-Car/ws_autocar/build/sllidar_ros2 -- -j4 -l4
[90.889s] DEBUG:colcon.colcon_core.event_handler.log_command:Invoking command in '/home/yusen/Autonomous-RC-Car/ws_autocar/build/sllidar_ros2': CMAKE_PREFIX_PATH=${CMAKE_PREFIX_PATH}:/opt/ros/jazzy DEBUGINFOD_URLS=https://debuginfod.ubuntu.com /usr/bin/cmake --install /home/yusen/Autonomous-RC-Car/ws_autocar/build/sllidar_ros2
[93.240s] Level 1:colcon.colcon_core.environment:create_environment_scripts_only(sllidar_ros2)
[93.242s] DEBUG:colcon.colcon_core.event_handler.log_command:Invoked command in '/home/yusen/Autonomous-RC-Car/ws_autocar/build/sllidar_ros2' returned '0': CMAKE_PREFIX_PATH=${CMAKE_PREFIX_PATH}:/opt/ros/jazzy DEBUGINFOD_URLS=https://debuginfod.ubuntu.com /usr/bin/cmake --install /home/yusen/Autonomous-RC-Car/ws_autocar/build/sllidar_ros2
[93.268s] Level 1:colcon.colcon_core.environment:checking '/home/yusen/Autonomous-RC-Car/ws_autocar/install/sllidar_ros2' for CMake module files
[93.272s] Level 1:colcon.colcon_core.environment:checking '/home/yusen/Autonomous-RC-Car/ws_autocar/install/sllidar_ros2' for CMake config files
[93.275s] Level 1:colcon.colcon_core.shell:create_environment_hook('sllidar_ros2', 'cmake_prefix_path')
[93.276s] INFO:colcon.colcon_core.shell:Creating environment hook '/home/yusen/Autonomous-RC-Car/ws_autocar/install/sllidar_ros2/share/sllidar_ros2/hook/cmake_prefix_path.ps1'
[93.281s] INFO:colcon.colcon_core.shell:Creating environment descriptor '/home/yusen/Autonomous-RC-Car/ws_autocar/install/sllidar_ros2/share/sllidar_ros2/hook/cmake_prefix_path.dsv'
[93.284s] INFO:colcon.colcon_core.shell:Creating environment hook '/home/yusen/Autonomous-RC-Car/ws_autocar/install/sllidar_ros2/share/sllidar_ros2/hook/cmake_prefix_path.sh'
[93.288s] Level 1:colcon.colcon_core.environment:checking '/home/yusen/Autonomous-RC-Car/ws_autocar/install/sllidar_ros2/lib'
[93.288s] Level 1:colcon.colcon_core.environment:checking '/home/yusen/Autonomous-RC-Car/ws_autocar/install/sllidar_ros2/bin'
[93.289s] Level 1:colcon.colcon_core.environment:checking '/home/yusen/Autonomous-RC-Car/ws_autocar/install/sllidar_ros2/lib/pkgconfig/sllidar_ros2.pc'
[93.290s] Level 1:colcon.colcon_core.environment:checking '/home/yusen/Autonomous-RC-Car/ws_autocar/install/sllidar_ros2/lib/python3.12/site-packages'
[93.290s] Level 1:colcon.colcon_core.environment:checking '/home/yusen/Autonomous-RC-Car/ws_autocar/install/sllidar_ros2/bin'
[93.291s] INFO:colcon.colcon_core.shell:Creating package script '/home/yusen/Autonomous-RC-Car/ws_autocar/install/sllidar_ros2/share/sllidar_ros2/package.ps1'
[93.295s] INFO:colcon.colcon_core.shell:Creating package descriptor '/home/yusen/Autonomous-RC-Car/ws_autocar/install/sllidar_ros2/share/sllidar_ros2/package.dsv'
[93.298s] INFO:colcon.colcon_core.shell:Creating package script '/home/yusen/Autonomous-RC-Car/ws_autocar/install/sllidar_ros2/share/sllidar_ros2/package.sh'
[93.301s] INFO:colcon.colcon_core.shell:Creating package script '/home/yusen/Autonomous-RC-Car/ws_autocar/install/sllidar_ros2/share/sllidar_ros2/package.bash'
[93.305s] INFO:colcon.colcon_core.shell:Creating package script '/home/yusen/Autonomous-RC-Car/ws_autocar/install/sllidar_ros2/share/sllidar_ros2/package.zsh'
[93.309s] Level 1:colcon.colcon_core.environment:create_file_with_runtime_dependencies(/home/yusen/Autonomous-RC-Car/ws_autocar/install/sllidar_ros2/share/colcon-core/packages/sllidar_ros2)
[93.313s] Level 1:colcon.colcon_core.environment:create_environment_scripts_only(sllidar_ros2)
[93.314s] Level 1:colcon.colcon_core.environment:checking '/home/yusen/Autonomous-RC-Car/ws_autocar/install/sllidar_ros2' for CMake module files
[93.321s] Level 1:colcon.colcon_core.environment:checking '/home/yusen/Autonomous-RC-Car/ws_autocar/install/sllidar_ros2' for CMake config files
[93.325s] Level 1:colcon.colcon_core.shell:create_environment_hook('sllidar_ros2', 'cmake_prefix_path')
[93.326s] INFO:colcon.colcon_core.shell:Creating environment hook '/home/yusen/Autonomous-RC-Car/ws_autocar/install/sllidar_ros2/share/sllidar_ros2/hook/cmake_prefix_path.ps1'
[93.328s] INFO:colcon.colcon_core.shell:Creating environment descriptor '/home/yusen/Autonomous-RC-Car/ws_autocar/install/sllidar_ros2/share/sllidar_ros2/hook/cmake_prefix_path.dsv'
[93.332s] INFO:colcon.colcon_core.shell:Creating environment hook '/home/yusen/Autonomous-RC-Car/ws_autocar/install/sllidar_ros2/share/sllidar_ros2/hook/cmake_prefix_path.sh'
[93.343s] Level 1:colcon.colcon_core.environment:checking '/home/yusen/Autonomous-RC-Car/ws_autocar/install/sllidar_ros2/lib'
[93.344s] Level 1:colcon.colcon_core.environment:checking '/home/yusen/Autonomous-RC-Car/ws_autocar/install/sllidar_ros2/bin'
[93.344s] Level 1:colcon.colcon_core.environment:checking '/home/yusen/Autonomous-RC-Car/ws_autocar/install/sllidar_ros2/lib/pkgconfig/sllidar_ros2.pc'
[93.346s] Level 1:colcon.colcon_core.environment:checking '/home/yusen/Autonomous-RC-Car/ws_autocar/install/sllidar_ros2/lib/python3.12/site-packages'
[93.347s] Level 1:colcon.colcon_core.environment:checking '/home/yusen/Autonomous-RC-Car/ws_autocar/install/sllidar_ros2/bin'
[93.348s] INFO:colcon.colcon_core.shell:Creating package script '/home/yusen/Autonomous-RC-Car/ws_autocar/install/sllidar_ros2/share/sllidar_ros2/package.ps1'
[93.352s] INFO:colcon.colcon_core.shell:Creating package descriptor '/home/yusen/Autonomous-RC-Car/ws_autocar/install/sllidar_ros2/share/sllidar_ros2/package.dsv'
[93.356s] INFO:colcon.colcon_core.shell:Creating package script '/home/yusen/Autonomous-RC-Car/ws_autocar/install/sllidar_ros2/share/sllidar_ros2/package.sh'
[93.359s] INFO:colcon.colcon_core.shell:Creating package script '/home/yusen/Autonomous-RC-Car/ws_autocar/install/sllidar_ros2/share/sllidar_ros2/package.bash'
[93.361s] INFO:colcon.colcon_core.shell:Creating package script '/home/yusen/Autonomous-RC-Car/ws_autocar/install/sllidar_ros2/share/sllidar_ros2/package.zsh'
[93.371s] Level 1:colcon.colcon_core.environment:create_file_with_runtime_dependencies(/home/yusen/Autonomous-RC-Car/ws_autocar/install/sllidar_ros2/share/colcon-core/packages/sllidar_ros2)
[93.373s] DEBUG:colcon.colcon_parallel_executor.executor.parallel:closing loop
[93.377s] DEBUG:colcon.colcon_parallel_executor.executor.parallel:loop closed
[93.378s] DEBUG:colcon.colcon_parallel_executor.executor.parallel:run_until_complete finished with '0'
[93.378s] DEBUG:colcon.colcon_core.event_reactor:joining thread
[93.443s] INFO:colcon.colcon_core.plugin_system:Skipping extension 'colcon_notification.desktop_notification.terminal_notifier': Not used on non-Darwin systems
[93.443s] INFO:colcon.colcon_core.plugin_system:Skipping extension 'colcon_notification.desktop_notification.win32': Not used on non-Windows systems
[93.444s] INFO:colcon.colcon_notification.desktop_notification:Sending desktop notification using 'notify2'
[93.584s] DEBUG:colcon.colcon_core.event_reactor:joined thread
[93.585s] INFO:colcon.colcon_core.shell:Creating prefix script '/home/yusen/Autonomous-RC-Car/ws_autocar/install/local_setup.ps1'
[93.591s] INFO:colcon.colcon_core.shell:Creating prefix util module '/home/yusen/Autonomous-RC-Car/ws_autocar/install/_local_setup_util_ps1.py'
[93.599s] INFO:colcon.colcon_core.shell:Creating prefix chain script '/home/yusen/Autonomous-RC-Car/ws_autocar/install/setup.ps1'
[93.605s] INFO:colcon.colcon_core.shell:Creating prefix script '/home/yusen/Autonomous-RC-Car/ws_autocar/install/local_setup.sh'
[93.609s] INFO:colcon.colcon_core.shell:Creating prefix util module '/home/yusen/Autonomous-RC-Car/ws_autocar/install/_local_setup_util_sh.py'
[93.613s] INFO:colcon.colcon_core.shell:Creating prefix chain script '/home/yusen/Autonomous-RC-Car/ws_autocar/install/setup.sh'
[93.619s] INFO:colcon.colcon_core.shell:Creating prefix script '/home/yusen/Autonomous-RC-Car/ws_autocar/install/local_setup.bash'
[93.623s] INFO:colcon.colcon_core.shell:Creating prefix chain script '/home/yusen/Autonomous-RC-Car/ws_autocar/install/setup.bash'
[93.628s] INFO:colcon.colcon_core.shell:Creating prefix script '/home/yusen/Autonomous-RC-Car/ws_autocar/install/local_setup.zsh'
[93.632s] INFO:colcon.colcon_core.shell:Creating prefix chain script '/home/yusen/Autonomous-RC-Car/ws_autocar/install/setup.zsh'
