[0.479s] DEBUG:colcon:Command line arguments: ['/usr/bin/colcon', 'build']
[0.480s] DEBUG:colcon:Parsed command line arguments: Namespace(log_base=None, log_level=None, verb_name='build', build_base='build', install_base='install', merge_install=False, symlink_install=False, test_result_base=None, continue_on_error=False, executor='parallel', parallel_workers=4, event_handlers=None, ignore_user_meta=False, metas=['./colcon.meta'], base_paths=['.'], packages_ignore=None, packages_ignore_regex=None, paths=None, packages_up_to=None, packages_up_to_regex=None, packages_above=None, packages_above_and_dependencies=None, packages_above_depth=None, packages_select_by_dep=None, packages_skip_by_dep=None, packages_skip_up_to=None, packages_select_build_failed=False, packages_skip_build_finished=False, packages_select_test_failures=False, packages_skip_test_passed=False, packages_select=None, packages_skip=None, packages_select_regex=None, packages_skip_regex=None, packages_start=None, packages_end=None, allow_overriding=[], cmake_args=None, cmake_target=None, cmake_target_skip_unavailable=False, cmake_clean_cache=False, cmake_clean_first=False, cmake_force_configure=False, ament_cmake_args=None, catkin_cmake_args=None, catkin_skip_building_tests=False, mixin_files=None, mixin=None, verb_parser=<colcon_mixin.mixin.mixin_argument.MixinArgumentDecorator object at 0xffff89aa1040>, verb_extension=<colcon_core.verb.build.BuildVerb object at 0xffff89c5d4f0>, main=<bound method BuildVerb.main of <colcon_core.verb.build.BuildVerb object at 0xffff89c5d4f0>>, mixin_verb=('build',))
[0.655s] Level 1:colcon.colcon_core.package_discovery:discover_packages(colcon_meta) check parameters
[0.655s] Level 1:colcon.colcon_core.package_discovery:discover_packages(recursive) check parameters
[0.655s] Level 1:colcon.colcon_core.package_discovery:discover_packages(ignore) check parameters
[0.656s] Level 1:colcon.colcon_core.package_discovery:discover_packages(path) check parameters
[0.656s] Level 1:colcon.colcon_core.package_discovery:discover_packages(colcon_meta) discover
[0.656s] Level 1:colcon.colcon_core.package_discovery:discover_packages(recursive) discover
[0.656s] INFO:colcon.colcon_core.package_discovery:Crawling recursively for packages in '/home/yusen/auto_car'
[0.656s] Level 1:colcon.colcon_core.package_identification:_identify(.) by extensions ['ignore', 'ignore_ament_install']
[0.657s] Level 1:colcon.colcon_core.package_identification:_identify(.) by extension 'ignore'
[0.657s] Level 1:colcon.colcon_core.package_identification:_identify(.) by extension 'ignore_ament_install'
[0.657s] Level 1:colcon.colcon_core.package_identification:_identify(.) by extensions ['colcon_pkg']
[0.657s] Level 1:colcon.colcon_core.package_identification:_identify(.) by extension 'colcon_pkg'
[0.658s] Level 1:colcon.colcon_core.package_identification:_identify(.) by extensions ['colcon_meta']
[0.658s] Level 1:colcon.colcon_core.package_identification:_identify(.) by extension 'colcon_meta'
[0.658s] Level 1:colcon.colcon_core.package_identification:_identify(.) by extensions ['ros']
[0.658s] Level 1:colcon.colcon_core.package_identification:_identify(.) by extension 'ros'
[0.768s] Level 1:colcon.colcon_core.package_identification:_identify(.) by extensions ['cmake', 'python']
[0.768s] Level 1:colcon.colcon_core.package_identification:_identify(.) by extension 'cmake'
[0.768s] Level 1:colcon.colcon_core.package_identification:_identify(.) by extension 'python'
[0.768s] Level 1:colcon.colcon_core.package_identification:_identify(.) by extensions ['python_setup_py']
[0.769s] Level 1:colcon.colcon_core.package_identification:_identify(.) by extension 'python_setup_py'
[0.769s] Level 1:colcon.colcon_core.package_identification:_identify(build) by extensions ['ignore', 'ignore_ament_install']
[0.769s] Level 1:colcon.colcon_core.package_identification:_identify(build) by extension 'ignore'
[0.770s] Level 1:colcon.colcon_core.package_identification:_identify(build) ignored
[0.770s] Level 1:colcon.colcon_core.package_identification:_identify(install) by extensions ['ignore', 'ignore_ament_install']
[0.771s] Level 1:colcon.colcon_core.package_identification:_identify(install) by extension 'ignore'
[0.771s] Level 1:colcon.colcon_core.package_identification:_identify(install) ignored
[0.771s] Level 1:colcon.colcon_core.package_identification:_identify(log) by extensions ['ignore', 'ignore_ament_install']
[0.772s] Level 1:colcon.colcon_core.package_identification:_identify(log) by extension 'ignore'
[0.772s] Level 1:colcon.colcon_core.package_identification:_identify(log) ignored
[0.772s] Level 1:colcon.colcon_core.package_identification:_identify(src) by extensions ['ignore', 'ignore_ament_install']
[0.772s] Level 1:colcon.colcon_core.package_identification:_identify(src) by extension 'ignore'
[0.772s] Level 1:colcon.colcon_core.package_identification:_identify(src) by extension 'ignore_ament_install'
[0.773s] Level 1:colcon.colcon_core.package_identification:_identify(src) by extensions ['colcon_pkg']
[0.773s] Level 1:colcon.colcon_core.package_identification:_identify(src) by extension 'colcon_pkg'
[0.773s] Level 1:colcon.colcon_core.package_identification:_identify(src) by extensions ['colcon_meta']
[0.773s] Level 1:colcon.colcon_core.package_identification:_identify(src) by extension 'colcon_meta'
[0.773s] Level 1:colcon.colcon_core.package_identification:_identify(src) by extensions ['ros']
[0.773s] Level 1:colcon.colcon_core.package_identification:_identify(src) by extension 'ros'
[0.774s] Level 1:colcon.colcon_core.package_identification:_identify(src) by extensions ['cmake', 'python']
[0.774s] Level 1:colcon.colcon_core.package_identification:_identify(src) by extension 'cmake'
[0.774s] Level 1:colcon.colcon_core.package_identification:_identify(src) by extension 'python'
[0.774s] Level 1:colcon.colcon_core.package_identification:_identify(src) by extensions ['python_setup_py']
[0.774s] Level 1:colcon.colcon_core.package_identification:_identify(src) by extension 'python_setup_py'
[0.775s] Level 1:colcon.colcon_core.package_identification:_identify(src/pca9685_control) by extensions ['ignore', 'ignore_ament_install']
[0.775s] Level 1:colcon.colcon_core.package_identification:_identify(src/pca9685_control) by extension 'ignore'
[0.775s] Level 1:colcon.colcon_core.package_identification:_identify(src/pca9685_control) by extension 'ignore_ament_install'
[0.775s] Level 1:colcon.colcon_core.package_identification:_identify(src/pca9685_control) by extensions ['colcon_pkg']
[0.775s] Level 1:colcon.colcon_core.package_identification:_identify(src/pca9685_control) by extension 'colcon_pkg'
[0.776s] Level 1:colcon.colcon_core.package_identification:_identify(src/pca9685_control) by extensions ['colcon_meta']
[0.776s] Level 1:colcon.colcon_core.package_identification:_identify(src/pca9685_control) by extension 'colcon_meta'
[0.776s] Level 1:colcon.colcon_core.package_identification:_identify(src/pca9685_control) by extensions ['ros']
[0.776s] Level 1:colcon.colcon_core.package_identification:_identify(src/pca9685_control) by extension 'ros'
[0.785s] DEBUG:colcon.colcon_core.package_identification:Package 'src/pca9685_control' with type 'ros.ament_python' and name 'pca9685_control'
[0.785s] Level 1:colcon.colcon_core.package_discovery:discover_packages(recursive) using defaults
[0.785s] Level 1:colcon.colcon_core.package_discovery:discover_packages(ignore) discover
[0.785s] Level 1:colcon.colcon_core.package_discovery:discover_packages(ignore) using defaults
[0.785s] Level 1:colcon.colcon_core.package_discovery:discover_packages(path) discover
[0.785s] Level 1:colcon.colcon_core.package_discovery:discover_packages(path) using defaults
[0.855s] Level 1:colcon.colcon_core.package_discovery:discover_packages(prefix_path) check parameters
[0.856s] Level 1:colcon.colcon_core.package_discovery:discover_packages(prefix_path) discover
[0.864s] DEBUG:colcon.colcon_installed_package_information.package_discovery:Found 1 installed packages in /home/yusen/auto_car/install
[0.878s] DEBUG:colcon.colcon_installed_package_information.package_discovery:Found 374 installed packages in /opt/ros/jazzy
[0.888s] Level 1:colcon.colcon_core.package_discovery:discover_packages(prefix_path) using defaults
[1.141s] Level 5:colcon.colcon_core.verb:set package 'pca9685_control' build argument 'cmake_args' from command line to 'None'
[1.141s] Level 5:colcon.colcon_core.verb:set package 'pca9685_control' build argument 'cmake_target' from command line to 'None'
[1.141s] Level 5:colcon.colcon_core.verb:set package 'pca9685_control' build argument 'cmake_target_skip_unavailable' from command line to 'False'
[1.141s] Level 5:colcon.colcon_core.verb:set package 'pca9685_control' build argument 'cmake_clean_cache' from command line to 'False'
[1.141s] Level 5:colcon.colcon_core.verb:set package 'pca9685_control' build argument 'cmake_clean_first' from command line to 'False'
[1.142s] Level 5:colcon.colcon_core.verb:set package 'pca9685_control' build argument 'cmake_force_configure' from command line to 'False'
[1.142s] Level 5:colcon.colcon_core.verb:set package 'pca9685_control' build argument 'ament_cmake_args' from command line to 'None'
[1.142s] Level 5:colcon.colcon_core.verb:set package 'pca9685_control' build argument 'catkin_cmake_args' from command line to 'None'
[1.142s] Level 5:colcon.colcon_core.verb:set package 'pca9685_control' build argument 'catkin_skip_building_tests' from command line to 'False'
[1.142s] DEBUG:colcon.colcon_core.verb:Building package 'pca9685_control' with the following arguments: {'ament_cmake_args': None, 'build_base': '/home/yusen/auto_car/build/pca9685_control', 'catkin_cmake_args': None, 'catkin_skip_building_tests': False, 'cmake_args': None, 'cmake_clean_cache': False, 'cmake_clean_first': False, 'cmake_force_configure': False, 'cmake_target': None, 'cmake_target_skip_unavailable': False, 'install_base': '/home/yusen/auto_car/install/pca9685_control', 'merge_install': False, 'path': '/home/yusen/auto_car/src/pca9685_control', 'symlink_install': False, 'test_result_base': None}
[1.142s] INFO:colcon.colcon_core.executor:Executing jobs using 'parallel' executor
[1.146s] DEBUG:colcon.colcon_parallel_executor.executor.parallel:run_until_complete
[1.147s] INFO:colcon.colcon_ros.task.ament_python.build:Building ROS package in '/home/yusen/auto_car/src/pca9685_control' with build type 'ament_python'
[1.147s] Level 1:colcon.colcon_core.shell:create_environment_hook('pca9685_control', 'ament_prefix_path')
[1.162s] INFO:colcon.colcon_core.plugin_system:Skipping extension 'colcon_core.shell.bat': Not used on non-Windows systems
[1.164s] INFO:colcon.colcon_core.shell:Creating environment hook '/home/yusen/auto_car/install/pca9685_control/share/pca9685_control/hook/ament_prefix_path.ps1'
[1.167s] INFO:colcon.colcon_core.shell:Creating environment descriptor '/home/yusen/auto_car/install/pca9685_control/share/pca9685_control/hook/ament_prefix_path.dsv'
[1.170s] INFO:colcon.colcon_core.shell:Creating environment hook '/home/yusen/auto_car/install/pca9685_control/share/pca9685_control/hook/ament_prefix_path.sh'
[1.176s] INFO:colcon.colcon_core.shell:Skip shell extension 'powershell' for command environment: Not usable outside of PowerShell
[1.177s] DEBUG:colcon.colcon_core.shell:Skip shell extension 'dsv' for command environment
[2.316s] INFO:colcon.colcon_core.task.python.build:Building Python package in '/home/yusen/auto_car/src/pca9685_control'
[2.317s] INFO:colcon.colcon_core.shell:Skip shell extension 'powershell' for command environment: Not usable outside of PowerShell
[2.317s] DEBUG:colcon.colcon_core.shell:Skip shell extension 'dsv' for command environment
[5.472s] DEBUG:colcon.colcon_core.event_handler.log_command:Invoking command in '/home/yusen/auto_car/src/pca9685_control': DEBUGINFOD_URLS=https://debuginfod.ubuntu.com PYTHONPATH=/home/yusen/auto_car/build/pca9685_control/prefix_override:/usr/lib/python3/dist-packages/colcon_core/task/python/colcon_distutils_commands:/home/yusen/auto_car/install/pca9685_control/lib/python3.12/site-packages:${PYTHONPATH} /usr/bin/python3 -W ignore:setup.py install is deprecated -W ignore:easy_install command is deprecated setup.py egg_info --egg-base ../../build/pca9685_control build --build-base /home/yusen/auto_car/build/pca9685_control/build install --record /home/yusen/auto_car/build/pca9685_control/install.log --single-version-externally-managed install_data
[8.430s] DEBUG:colcon.colcon_core.event_handler.log_command:Invoked command in '/home/yusen/auto_car/src/pca9685_control' returned '0': DEBUGINFOD_URLS=https://debuginfod.ubuntu.com PYTHONPATH=/home/yusen/auto_car/build/pca9685_control/prefix_override:/usr/lib/python3/dist-packages/colcon_core/task/python/colcon_distutils_commands:/home/yusen/auto_car/install/pca9685_control/lib/python3.12/site-packages:${PYTHONPATH} /usr/bin/python3 -W ignore:setup.py install is deprecated -W ignore:easy_install command is deprecated setup.py egg_info --egg-base ../../build/pca9685_control build --build-base /home/yusen/auto_car/build/pca9685_control/build install --record /home/yusen/auto_car/build/pca9685_control/install.log --single-version-externally-managed install_data
[8.440s] Level 1:colcon.colcon_core.environment:checking '/home/yusen/auto_car/install/pca9685_control' for CMake module files
[8.443s] Level 1:colcon.colcon_core.environment:checking '/home/yusen/auto_car/install/pca9685_control' for CMake config files
[8.447s] Level 1:colcon.colcon_core.environment:checking '/home/yusen/auto_car/install/pca9685_control/lib'
[8.448s] Level 1:colcon.colcon_core.environment:checking '/home/yusen/auto_car/install/pca9685_control/bin'
[8.448s] Level 1:colcon.colcon_core.environment:checking '/home/yusen/auto_car/install/pca9685_control/lib/pkgconfig/pca9685_control.pc'
[8.449s] Level 1:colcon.colcon_core.environment:checking '/home/yusen/auto_car/install/pca9685_control/lib/python3.12/site-packages'
[8.450s] Level 1:colcon.colcon_core.shell:create_environment_hook('pca9685_control', 'pythonpath')
[8.450s] INFO:colcon.colcon_core.shell:Creating environment hook '/home/yusen/auto_car/install/pca9685_control/share/pca9685_control/hook/pythonpath.ps1'
[8.452s] INFO:colcon.colcon_core.shell:Creating environment descriptor '/home/yusen/auto_car/install/pca9685_control/share/pca9685_control/hook/pythonpath.dsv'
[8.459s] INFO:colcon.colcon_core.shell:Creating environment hook '/home/yusen/auto_car/install/pca9685_control/share/pca9685_control/hook/pythonpath.sh'
[8.462s] Level 1:colcon.colcon_core.environment:checking '/home/yusen/auto_car/install/pca9685_control/bin'
[8.462s] Level 1:colcon.colcon_core.environment:create_environment_scripts_only(pca9685_control)
[8.463s] INFO:colcon.colcon_core.shell:Creating package script '/home/yusen/auto_car/install/pca9685_control/share/pca9685_control/package.ps1'
[8.467s] INFO:colcon.colcon_core.shell:Creating package descriptor '/home/yusen/auto_car/install/pca9685_control/share/pca9685_control/package.dsv'
[8.470s] INFO:colcon.colcon_core.shell:Creating package script '/home/yusen/auto_car/install/pca9685_control/share/pca9685_control/package.sh'
[8.474s] INFO:colcon.colcon_core.shell:Creating package script '/home/yusen/auto_car/install/pca9685_control/share/pca9685_control/package.bash'
[8.477s] INFO:colcon.colcon_core.shell:Creating package script '/home/yusen/auto_car/install/pca9685_control/share/pca9685_control/package.zsh'
[8.481s] Level 1:colcon.colcon_core.environment:create_file_with_runtime_dependencies(/home/yusen/auto_car/install/pca9685_control/share/colcon-core/packages/pca9685_control)
[8.482s] DEBUG:colcon.colcon_parallel_executor.executor.parallel:closing loop
[8.484s] DEBUG:colcon.colcon_parallel_executor.executor.parallel:loop closed
[8.484s] DEBUG:colcon.colcon_parallel_executor.executor.parallel:run_until_complete finished with '0'
[8.484s] DEBUG:colcon.colcon_core.event_reactor:joining thread
[8.524s] INFO:colcon.colcon_core.plugin_system:Skipping extension 'colcon_notification.desktop_notification.terminal_notifier': Not used on non-Darwin systems
[8.525s] INFO:colcon.colcon_core.plugin_system:Skipping extension 'colcon_notification.desktop_notification.win32': Not used on non-Windows systems
[8.525s] INFO:colcon.colcon_notification.desktop_notification:Sending desktop notification using 'notify2'
[8.598s] DEBUG:colcon.colcon_core.event_reactor:joined thread
[8.599s] INFO:colcon.colcon_core.shell:Creating prefix script '/home/yusen/auto_car/install/local_setup.ps1'
[8.603s] INFO:colcon.colcon_core.shell:Creating prefix util module '/home/yusen/auto_car/install/_local_setup_util_ps1.py'
[8.609s] INFO:colcon.colcon_core.shell:Creating prefix chain script '/home/yusen/auto_car/install/setup.ps1'
[8.615s] INFO:colcon.colcon_core.shell:Creating prefix script '/home/yusen/auto_car/install/local_setup.sh'
[8.622s] INFO:colcon.colcon_core.shell:Creating prefix util module '/home/yusen/auto_car/install/_local_setup_util_sh.py'
[8.626s] INFO:colcon.colcon_core.shell:Creating prefix chain script '/home/yusen/auto_car/install/setup.sh'
[8.632s] INFO:colcon.colcon_core.shell:Creating prefix script '/home/yusen/auto_car/install/local_setup.bash'
[8.634s] INFO:colcon.colcon_core.shell:Creating prefix chain script '/home/yusen/auto_car/install/setup.bash'
[8.640s] INFO:colcon.colcon_core.shell:Creating prefix script '/home/yusen/auto_car/install/local_setup.zsh'
[8.643s] INFO:colcon.colcon_core.shell:Creating prefix chain script '/home/yusen/auto_car/install/setup.zsh'
