[6.042s] Invoking command in '/home/yusen/auto_car/src/pca9685_control': DEBUGINFOD_URLS=https://debuginfod.ubuntu.com PYTHONPATH=/home/yusen/auto_car/build/pca9685_control/prefix_override:/usr/lib/python3/dist-packages/colcon_core/task/python/colcon_distutils_commands:/home/yusen/auto_car/install/pca9685_control/lib/python3.12/site-packages:${PYTHONPATH} /usr/bin/python3 -W ignore:setup.py install is deprecated -W ignore:easy_install command is deprecated setup.py egg_info --egg-base ../../build/pca9685_control build --build-base /home/yusen/auto_car/build/pca9685_control/build install --record /home/yusen/auto_car/build/pca9685_control/install.log --single-version-externally-managed install_data
[9.064s] running egg_info
[9.071s] creating ../../build/pca9685_control/pca9685_control.egg-info
[10.093s] writing ../../build/pca9685_control/pca9685_control.egg-info/PKG-INFO
[10.107s] writing dependency_links to ../../build/pca9685_control/pca9685_control.egg-info/dependency_links.txt
[10.122s] writing entry points to ../../build/pca9685_control/pca9685_control.egg-info/entry_points.txt
[10.130s] writing requirements to ../../build/pca9685_control/pca9685_control.egg-info/requires.txt
[10.136s] writing top-level names to ../../build/pca9685_control/pca9685_control.egg-info/top_level.txt
[10.140s] writing manifest file '../../build/pca9685_control/pca9685_control.egg-info/SOURCES.txt'
[10.608s] reading manifest file '../../build/pca9685_control/pca9685_control.egg-info/SOURCES.txt'
[10.609s] adding license file 'LICENSE'
[10.613s] writing manifest file '../../build/pca9685_control/pca9685_control.egg-info/SOURCES.txt'
[10.619s] running build
[10.625s] running build_py
[10.627s] creating /home/yusen/auto_car/build/pca9685_control/build
[10.629s] creating /home/yusen/auto_car/build/pca9685_control/build/lib
[10.630s] creating /home/yusen/auto_car/build/pca9685_control/build/lib/pca9685_control
[10.632s] copying pca9685_control/__init__.py -> /home/yusen/auto_car/build/pca9685_control/build/lib/pca9685_control
[10.633s] copying pca9685_control/my_node.py -> /home/yusen/auto_car/build/pca9685_control/build/lib/pca9685_control
[10.635s] running install
[10.674s] running install_lib
[10.837s] creating /home/yusen/auto_car/install/pca9685_control/lib/python3.12/site-packages/pca9685_control
[10.838s] copying /home/yusen/auto_car/build/pca9685_control/build/lib/pca9685_control/__init__.py -> /home/yusen/auto_car/install/pca9685_control/lib/python3.12/site-packages/pca9685_control
[10.838s] copying /home/yusen/auto_car/build/pca9685_control/build/lib/pca9685_control/my_node.py -> /home/yusen/auto_car/install/pca9685_control/lib/python3.12/site-packages/pca9685_control
[10.843s] byte-compiling /home/yusen/auto_car/install/pca9685_control/lib/python3.12/site-packages/pca9685_control/__init__.py to __init__.cpython-312.pyc
[10.843s] byte-compiling /home/yusen/auto_car/install/pca9685_control/lib/python3.12/site-packages/pca9685_control/my_node.py to my_node.cpython-312.pyc
[10.844s] running install_data
[10.845s] creating /home/yusen/auto_car/install/pca9685_control/share/ament_index
[10.846s] creating /home/yusen/auto_car/install/pca9685_control/share/ament_index/resource_index
[10.847s] creating /home/yusen/auto_car/install/pca9685_control/share/ament_index/resource_index/packages
[10.848s] copying resource/pca9685_control -> /home/yusen/auto_car/install/pca9685_control/share/ament_index/resource_index/packages
[10.849s] copying package.xml -> /home/yusen/auto_car/install/pca9685_control/share/pca9685_control
[10.850s] running install_egg_info
[10.993s] Copying ../../build/pca9685_control/pca9685_control.egg-info to /home/yusen/auto_car/install/pca9685_control/lib/python3.12/site-packages/pca9685_control-0.0.0-py3.12.egg-info
[10.999s] running install_scripts
[11.782s] Installing my_node script to /home/yusen/auto_car/install/pca9685_control/lib/pca9685_control
[11.783s] writing list of installed files to '/home/yusen/auto_car/build/pca9685_control/install.log'
[11.947s] Invoked command in '/home/yusen/auto_car/src/pca9685_control' returned '0': DEBUGINFOD_URLS=https://debuginfod.ubuntu.com PYTHONPATH=/home/yusen/auto_car/build/pca9685_control/prefix_override:/usr/lib/python3/dist-packages/colcon_core/task/python/colcon_distutils_commands:/home/yusen/auto_car/install/pca9685_control/lib/python3.12/site-packages:${PYTHONPATH} /usr/bin/python3 -W ignore:setup.py install is deprecated -W ignore:easy_install command is deprecated setup.py egg_info --egg-base ../../build/pca9685_control build --build-base /home/yusen/auto_car/build/pca9685_control/build install --record /home/yusen/auto_car/build/pca9685_control/install.log --single-version-externally-managed install_data
