[1.197s] DEBUG:colcon:Command line arguments: ['/usr/bin/colcon', 'build']
[1.198s] DEBUG:colcon:Parsed command line arguments: Namespace(log_base=None, log_level=None, verb_name='build', build_base='build', install_base='install', merge_install=False, symlink_install=False, test_result_base=None, continue_on_error=False, executor='parallel', parallel_workers=4, event_handlers=None, ignore_user_meta=False, metas=['./colcon.meta'], base_paths=['.'], packages_ignore=None, packages_ignore_regex=None, paths=None, packages_up_to=None, packages_up_to_regex=None, packages_above=None, packages_above_and_dependencies=None, packages_above_depth=None, packages_select_by_dep=None, packages_skip_by_dep=None, packages_skip_up_to=None, packages_select_build_failed=False, packages_skip_build_finished=False, packages_select_test_failures=False, packages_skip_test_passed=False, packages_select=None, packages_skip=None, packages_select_regex=None, packages_skip_regex=None, packages_start=None, packages_end=None, allow_overriding=[], cmake_args=None, cmake_target=None, cmake_target_skip_unavailable=False, cmake_clean_cache=False, cmake_clean_first=False, cmake_force_configure=False, ament_cmake_args=None, catkin_cmake_args=None, catkin_skip_building_tests=False, mixin_files=None, mixin=None, verb_parser=<colcon_mixin.mixin.mixin_argument.MixinArgumentDecorator object at 0xffff89144ec0>, verb_extension=<colcon_core.verb.build.BuildVerb object at 0xffff892fd5e0>, main=<bound method BuildVerb.main of <colcon_core.verb.build.BuildVerb object at 0xffff892fd5e0>>, mixin_verb=('build',))
[2.009s] Level 1:colcon.colcon_core.package_discovery:discover_packages(colcon_meta) check parameters
[2.010s] Level 1:colcon.colcon_core.package_discovery:discover_packages(recursive) check parameters
[2.010s] Level 1:colcon.colcon_core.package_discovery:discover_packages(ignore) check parameters
[2.010s] Level 1:colcon.colcon_core.package_discovery:discover_packages(path) check parameters
[2.010s] Level 1:colcon.colcon_core.package_discovery:discover_packages(colcon_meta) discover
[2.010s] Level 1:colcon.colcon_core.package_discovery:discover_packages(recursive) discover
[2.011s] INFO:colcon.colcon_core.package_discovery:Crawling recursively for packages in '/home/yusen/auto_car'
[2.011s] Level 1:colcon.colcon_core.package_identification:_identify(.) by extensions ['ignore', 'ignore_ament_install']
[2.012s] Level 1:colcon.colcon_core.package_identification:_identify(.) by extension 'ignore'
[2.012s] Level 1:colcon.colcon_core.package_identification:_identify(.) by extension 'ignore_ament_install'
[2.012s] Level 1:colcon.colcon_core.package_identification:_identify(.) by extensions ['colcon_pkg']
[2.012s] Level 1:colcon.colcon_core.package_identification:_identify(.) by extension 'colcon_pkg'
[2.012s] Level 1:colcon.colcon_core.package_identification:_identify(.) by extensions ['colcon_meta']
[2.013s] Level 1:colcon.colcon_core.package_identification:_identify(.) by extension 'colcon_meta'
[2.013s] Level 1:colcon.colcon_core.package_identification:_identify(.) by extensions ['ros']
[2.013s] Level 1:colcon.colcon_core.package_identification:_identify(.) by extension 'ros'
[2.176s] Level 1:colcon.colcon_core.package_identification:_identify(.) by extensions ['cmake', 'python']
[2.176s] Level 1:colcon.colcon_core.package_identification:_identify(.) by extension 'cmake'
[2.176s] Level 1:colcon.colcon_core.package_identification:_identify(.) by extension 'python'
[2.176s] Level 1:colcon.colcon_core.package_identification:_identify(.) by extensions ['python_setup_py']
[2.176s] Level 1:colcon.colcon_core.package_identification:_identify(.) by extension 'python_setup_py'
[2.177s] Level 1:colcon.colcon_core.package_identification:_identify(build) by extensions ['ignore', 'ignore_ament_install']
[2.178s] Level 1:colcon.colcon_core.package_identification:_identify(build) by extension 'ignore'
[2.178s] Level 1:colcon.colcon_core.package_identification:_identify(build) ignored
[2.179s] Level 1:colcon.colcon_core.package_identification:_identify(install) by extensions ['ignore', 'ignore_ament_install']
[2.180s] Level 1:colcon.colcon_core.package_identification:_identify(install) by extension 'ignore'
[2.180s] Level 1:colcon.colcon_core.package_identification:_identify(install) ignored
[2.180s] Level 1:colcon.colcon_core.package_identification:_identify(log) by extensions ['ignore', 'ignore_ament_install']
[2.181s] Level 1:colcon.colcon_core.package_identification:_identify(log) by extension 'ignore'
[2.181s] Level 1:colcon.colcon_core.package_identification:_identify(log) ignored
[2.181s] Level 1:colcon.colcon_core.package_identification:_identify(src) by extensions ['ignore', 'ignore_ament_install']
[2.181s] Level 1:colcon.colcon_core.package_identification:_identify(src) by extension 'ignore'
[2.182s] Level 1:colcon.colcon_core.package_identification:_identify(src) by extension 'ignore_ament_install'
[2.182s] Level 1:colcon.colcon_core.package_identification:_identify(src) by extensions ['colcon_pkg']
[2.182s] Level 1:colcon.colcon_core.package_identification:_identify(src) by extension 'colcon_pkg'
[2.182s] Level 1:colcon.colcon_core.package_identification:_identify(src) by extensions ['colcon_meta']
[2.182s] Level 1:colcon.colcon_core.package_identification:_identify(src) by extension 'colcon_meta'
[2.183s] Level 1:colcon.colcon_core.package_identification:_identify(src) by extensions ['ros']
[2.183s] Level 1:colcon.colcon_core.package_identification:_identify(src) by extension 'ros'
[2.183s] Level 1:colcon.colcon_core.package_identification:_identify(src) by extensions ['cmake', 'python']
[2.183s] Level 1:colcon.colcon_core.package_identification:_identify(src) by extension 'cmake'
[2.183s] Level 1:colcon.colcon_core.package_identification:_identify(src) by extension 'python'
[2.183s] Level 1:colcon.colcon_core.package_identification:_identify(src) by extensions ['python_setup_py']
[2.184s] Level 1:colcon.colcon_core.package_identification:_identify(src) by extension 'python_setup_py'
[2.184s] Level 1:colcon.colcon_core.package_identification:_identify(src/pca9685_control) by extensions ['ignore', 'ignore_ament_install']
[2.184s] Level 1:colcon.colcon_core.package_identification:_identify(src/pca9685_control) by extension 'ignore'
[2.185s] Level 1:colcon.colcon_core.package_identification:_identify(src/pca9685_control) by extension 'ignore_ament_install'
[2.185s] Level 1:colcon.colcon_core.package_identification:_identify(src/pca9685_control) by extensions ['colcon_pkg']
[2.185s] Level 1:colcon.colcon_core.package_identification:_identify(src/pca9685_control) by extension 'colcon_pkg'
[2.185s] Level 1:colcon.colcon_core.package_identification:_identify(src/pca9685_control) by extensions ['colcon_meta']
[2.185s] Level 1:colcon.colcon_core.package_identification:_identify(src/pca9685_control) by extension 'colcon_meta'
[2.185s] Level 1:colcon.colcon_core.package_identification:_identify(src/pca9685_control) by extensions ['ros']
[2.186s] Level 1:colcon.colcon_core.package_identification:_identify(src/pca9685_control) by extension 'ros'
[2.196s] DEBUG:colcon.colcon_core.package_identification:Package 'src/pca9685_control' with type 'ros.ament_python' and name 'pca9685_control'
[2.196s] Level 1:colcon.colcon_core.package_discovery:discover_packages(recursive) using defaults
[2.196s] Level 1:colcon.colcon_core.package_discovery:discover_packages(ignore) discover
[2.197s] Level 1:colcon.colcon_core.package_discovery:discover_packages(ignore) using defaults
[2.197s] Level 1:colcon.colcon_core.package_discovery:discover_packages(path) discover
[2.197s] Level 1:colcon.colcon_core.package_discovery:discover_packages(path) using defaults
[2.333s] Level 1:colcon.colcon_core.package_discovery:discover_packages(prefix_path) check parameters
[2.333s] Level 1:colcon.colcon_core.package_discovery:discover_packages(prefix_path) discover
[2.355s] DEBUG:colcon.colcon_installed_package_information.package_discovery:Found 1 installed packages in /home/yusen/auto_car/install
[2.371s] DEBUG:colcon.colcon_installed_package_information.package_discovery:Found 374 installed packages in /opt/ros/jazzy
[2.382s] Level 1:colcon.colcon_core.package_discovery:discover_packages(prefix_path) using defaults
[2.925s] Level 5:colcon.colcon_core.verb:set package 'pca9685_control' build argument 'cmake_args' from command line to 'None'
[2.926s] Level 5:colcon.colcon_core.verb:set package 'pca9685_control' build argument 'cmake_target' from command line to 'None'
[2.926s] Level 5:colcon.colcon_core.verb:set package 'pca9685_control' build argument 'cmake_target_skip_unavailable' from command line to 'False'
[2.926s] Level 5:colcon.colcon_core.verb:set package 'pca9685_control' build argument 'cmake_clean_cache' from command line to 'False'
[2.926s] Level 5:colcon.colcon_core.verb:set package 'pca9685_control' build argument 'cmake_clean_first' from command line to 'False'
[2.926s] Level 5:colcon.colcon_core.verb:set package 'pca9685_control' build argument 'cmake_force_configure' from command line to 'False'
[2.926s] Level 5:colcon.colcon_core.verb:set package 'pca9685_control' build argument 'ament_cmake_args' from command line to 'None'
[2.926s] Level 5:colcon.colcon_core.verb:set package 'pca9685_control' build argument 'catkin_cmake_args' from command line to 'None'
[2.926s] Level 5:colcon.colcon_core.verb:set package 'pca9685_control' build argument 'catkin_skip_building_tests' from command line to 'False'
[2.927s] DEBUG:colcon.colcon_core.verb:Building package 'pca9685_control' with the following arguments: {'ament_cmake_args': None, 'build_base': '/home/yusen/auto_car/build/pca9685_control', 'catkin_cmake_args': None, 'catkin_skip_building_tests': False, 'cmake_args': None, 'cmake_clean_cache': False, 'cmake_clean_first': False, 'cmake_force_configure': False, 'cmake_target': None, 'cmake_target_skip_unavailable': False, 'install_base': '/home/yusen/auto_car/install/pca9685_control', 'merge_install': False, 'path': '/home/yusen/auto_car/src/pca9685_control', 'symlink_install': False, 'test_result_base': None}
[2.927s] INFO:colcon.colcon_core.executor:Executing jobs using 'parallel' executor
[2.934s] DEBUG:colcon.colcon_parallel_executor.executor.parallel:run_until_complete
[2.936s] INFO:colcon.colcon_ros.task.ament_python.build:Building ROS package in '/home/yusen/auto_car/src/pca9685_control' with build type 'ament_python'
[2.937s] Level 1:colcon.colcon_core.shell:create_environment_hook('pca9685_control', 'ament_prefix_path')
[2.974s] INFO:colcon.colcon_core.plugin_system:Skipping extension 'colcon_core.shell.bat': Not used on non-Windows systems
[2.975s] INFO:colcon.colcon_core.shell:Creating environment hook '/home/yusen/auto_car/install/pca9685_control/share/pca9685_control/hook/ament_prefix_path.ps1'
[2.979s] INFO:colcon.colcon_core.shell:Creating environment descriptor '/home/yusen/auto_car/install/pca9685_control/share/pca9685_control/hook/ament_prefix_path.dsv'
[2.994s] INFO:colcon.colcon_core.shell:Creating environment hook '/home/yusen/auto_car/install/pca9685_control/share/pca9685_control/hook/ament_prefix_path.sh'
[3.004s] INFO:colcon.colcon_core.shell:Skip shell extension 'powershell' for command environment: Not usable outside of PowerShell
[3.005s] DEBUG:colcon.colcon_core.shell:Skip shell extension 'dsv' for command environment
[5.052s] INFO:colcon.colcon_core.task.python.build:Building Python package in '/home/yusen/auto_car/src/pca9685_control'
[5.053s] INFO:colcon.colcon_core.shell:Skip shell extension 'powershell' for command environment: Not usable outside of PowerShell
[5.053s] DEBUG:colcon.colcon_core.shell:Skip shell extension 'dsv' for command environment
[12.004s] DEBUG:colcon.colcon_core.event_handler.log_command:Invoking command in '/home/yusen/auto_car/src/pca9685_control': DEBUGINFOD_URLS=https://debuginfod.ubuntu.com PS1=(my-env) \[\e]0;\u@\h: \w\a\]${debian_chroot:+($debian_chroot)}\[\033[01;32m\]\u@\h\[\033[00m\]:\[\033[01;34m\]\w\[\033[00m\]\$ PYTHONPATH=/home/yusen/auto_car/build/pca9685_control/prefix_override:/usr/lib/python3/dist-packages/colcon_core/task/python/colcon_distutils_commands:/home/yusen/auto_car/install/pca9685_control/lib/python3.12/site-packages:${PYTHONPATH} VIRTUAL_ENV_PROMPT=(my-env) /usr/bin/python3 -W ignore:setup.py install is deprecated -W ignore:easy_install command is deprecated setup.py egg_info --egg-base ../../build/pca9685_control build --build-base /home/yusen/auto_car/build/pca9685_control/build install --record /home/yusen/auto_car/build/pca9685_control/install.log --single-version-externally-managed install_data
[15.028s] DEBUG:colcon.colcon_core.event_handler.log_command:Invoked command in '/home/yusen/auto_car/src/pca9685_control' returned '0': DEBUGINFOD_URLS=https://debuginfod.ubuntu.com PS1=(my-env) \[\e]0;\u@\h: \w\a\]${debian_chroot:+($debian_chroot)}\[\033[01;32m\]\u@\h\[\033[00m\]:\[\033[01;34m\]\w\[\033[00m\]\$ PYTHONPATH=/home/yusen/auto_car/build/pca9685_control/prefix_override:/usr/lib/python3/dist-packages/colcon_core/task/python/colcon_distutils_commands:/home/yusen/auto_car/install/pca9685_control/lib/python3.12/site-packages:${PYTHONPATH} VIRTUAL_ENV_PROMPT=(my-env) /usr/bin/python3 -W ignore:setup.py install is deprecated -W ignore:easy_install command is deprecated setup.py egg_info --egg-base ../../build/pca9685_control build --build-base /home/yusen/auto_car/build/pca9685_control/build install --record /home/yusen/auto_car/build/pca9685_control/install.log --single-version-externally-managed install_data
[15.051s] Level 1:colcon.colcon_core.environment:checking '/home/yusen/auto_car/install/pca9685_control' for CMake module files
[15.057s] Level 1:colcon.colcon_core.environment:checking '/home/yusen/auto_car/install/pca9685_control' for CMake config files
[15.072s] Level 1:colcon.colcon_core.environment:checking '/home/yusen/auto_car/install/pca9685_control/lib'
[15.074s] Level 1:colcon.colcon_core.environment:checking '/home/yusen/auto_car/install/pca9685_control/bin'
[15.074s] Level 1:colcon.colcon_core.environment:checking '/home/yusen/auto_car/install/pca9685_control/lib/pkgconfig/pca9685_control.pc'
[15.075s] Level 1:colcon.colcon_core.environment:checking '/home/yusen/auto_car/install/pca9685_control/lib/python3.12/site-packages'
[15.076s] Level 1:colcon.colcon_core.shell:create_environment_hook('pca9685_control', 'pythonpath')
[15.077s] INFO:colcon.colcon_core.shell:Creating environment hook '/home/yusen/auto_car/install/pca9685_control/share/pca9685_control/hook/pythonpath.ps1'
[15.079s] INFO:colcon.colcon_core.shell:Creating environment descriptor '/home/yusen/auto_car/install/pca9685_control/share/pca9685_control/hook/pythonpath.dsv'
[15.081s] INFO:colcon.colcon_core.shell:Creating environment hook '/home/yusen/auto_car/install/pca9685_control/share/pca9685_control/hook/pythonpath.sh'
[15.087s] Level 1:colcon.colcon_core.environment:checking '/home/yusen/auto_car/install/pca9685_control/bin'
[15.087s] Level 1:colcon.colcon_core.environment:create_environment_scripts_only(pca9685_control)
[15.088s] INFO:colcon.colcon_core.shell:Creating package script '/home/yusen/auto_car/install/pca9685_control/share/pca9685_control/package.ps1'
[15.094s] INFO:colcon.colcon_core.shell:Creating package descriptor '/home/yusen/auto_car/install/pca9685_control/share/pca9685_control/package.dsv'
[15.099s] INFO:colcon.colcon_core.shell:Creating package script '/home/yusen/auto_car/install/pca9685_control/share/pca9685_control/package.sh'
[15.104s] INFO:colcon.colcon_core.shell:Creating package script '/home/yusen/auto_car/install/pca9685_control/share/pca9685_control/package.bash'
[15.108s] INFO:colcon.colcon_core.shell:Creating package script '/home/yusen/auto_car/install/pca9685_control/share/pca9685_control/package.zsh'
[15.112s] Level 1:colcon.colcon_core.environment:create_file_with_runtime_dependencies(/home/yusen/auto_car/install/pca9685_control/share/colcon-core/packages/pca9685_control)
[15.113s] DEBUG:colcon.colcon_parallel_executor.executor.parallel:closing loop
[15.115s] DEBUG:colcon.colcon_parallel_executor.executor.parallel:loop closed
[15.116s] DEBUG:colcon.colcon_parallel_executor.executor.parallel:run_until_complete finished with '0'
[15.116s] DEBUG:colcon.colcon_core.event_reactor:joining thread
[15.160s] INFO:colcon.colcon_core.plugin_system:Skipping extension 'colcon_notification.desktop_notification.terminal_notifier': Not used on non-Darwin systems
[15.160s] INFO:colcon.colcon_core.plugin_system:Skipping extension 'colcon_notification.desktop_notification.win32': Not used on non-Windows systems
[15.160s] INFO:colcon.colcon_notification.desktop_notification:Sending desktop notification using 'notify2'
[15.232s] DEBUG:colcon.colcon_core.event_reactor:joined thread
[15.233s] INFO:colcon.colcon_core.shell:Creating prefix script '/home/yusen/auto_car/install/local_setup.ps1'
[15.237s] INFO:colcon.colcon_core.shell:Creating prefix util module '/home/yusen/auto_car/install/_local_setup_util_ps1.py'
[15.246s] INFO:colcon.colcon_core.shell:Creating prefix chain script '/home/yusen/auto_car/install/setup.ps1'
[15.254s] INFO:colcon.colcon_core.shell:Creating prefix script '/home/yusen/auto_car/install/local_setup.sh'
[15.258s] INFO:colcon.colcon_core.shell:Creating prefix util module '/home/yusen/auto_car/install/_local_setup_util_sh.py'
[15.262s] INFO:colcon.colcon_core.shell:Creating prefix chain script '/home/yusen/auto_car/install/setup.sh'
[15.268s] INFO:colcon.colcon_core.shell:Creating prefix script '/home/yusen/auto_car/install/local_setup.bash'
[15.271s] INFO:colcon.colcon_core.shell:Creating prefix chain script '/home/yusen/auto_car/install/setup.bash'
[15.278s] INFO:colcon.colcon_core.shell:Creating prefix script '/home/yusen/auto_car/install/local_setup.zsh'
[15.282s] INFO:colcon.colcon_core.shell:Creating prefix chain script '/home/yusen/auto_car/install/setup.zsh'
