running egg_info
writing ../../build/pca9685_control/pca9685_control.egg-info/PKG-INFO
writing dependency_links to ../../build/pca9685_control/pca9685_control.egg-info/dependency_links.txt
writing entry points to ../../build/pca9685_control/pca9685_control.egg-info/entry_points.txt
writing requirements to ../../build/pca9685_control/pca9685_control.egg-info/requires.txt
writing top-level names to ../../build/pca9685_control/pca9685_control.egg-info/top_level.txt
reading manifest file '../../build/pca9685_control/pca9685_control.egg-info/SOURCES.txt'
adding license file 'LICENSE'
writing manifest file '../../build/pca9685_control/pca9685_control.egg-info/SOURCES.txt'
running build
running build_py
copying pca9685_control/publisher_member_function.py -> /home/yusen/auto_car/build/pca9685_control/build/lib/pca9685_control
copying pca9685_control/subscriber_member_function.py -> /home/yusen/auto_car/build/pca9685_control/build/lib/pca9685_control
running install
running install_lib
copying /home/yusen/auto_car/build/pca9685_control/build/lib/pca9685_control/publisher_member_function.py -> /home/yusen/auto_car/install/pca9685_control/lib/python3.12/site-packages/pca9685_control
copying /home/yusen/auto_car/build/pca9685_control/build/lib/pca9685_control/subscriber_member_function.py -> /home/yusen/auto_car/install/pca9685_control/lib/python3.12/site-packages/pca9685_control
byte-compiling /home/yusen/auto_car/install/pca9685_control/lib/python3.12/site-packages/pca9685_control/publisher_member_function.py to publisher_member_function.cpython-312.pyc
byte-compiling /home/yusen/auto_car/install/pca9685_control/lib/python3.12/site-packages/pca9685_control/subscriber_member_function.py to subscriber_member_function.cpython-312.pyc
running install_data
copying package.xml -> /home/yusen/auto_car/install/pca9685_control/share/pca9685_control
running install_egg_info
removing '/home/yusen/auto_car/install/pca9685_control/lib/python3.12/site-packages/pca9685_control-0.0.0-py3.12.egg-info' (and everything under it)
Copying ../../build/pca9685_control/pca9685_control.egg-info to /home/yusen/auto_car/install/pca9685_control/lib/python3.12/site-packages/pca9685_control-0.0.0-py3.12.egg-info
running install_scripts
Installing listener script to /home/yusen/auto_car/install/pca9685_control/lib/pca9685_control
Installing my_node script to /home/yusen/auto_car/install/pca9685_control/lib/pca9685_control
Installing talker script to /home/yusen/auto_car/install/pca9685_control/lib/pca9685_control
writing list of installed files to '/home/yusen/auto_car/build/pca9685_control/install.log'
