[4.360s] Invoking command in '/home/yusen/auto_car/src/pca9685_control': DEBUGINFOD_URLS=https://debuginfod.ubuntu.com PYTHONPATH=/home/yusen/auto_car/build/pca9685_control/prefix_override:/usr/lib/python3/dist-packages/colcon_core/task/python/colcon_distutils_commands:/home/yusen/auto_car/install/pca9685_control/lib/python3.12/site-packages:${PYTHONPATH} /usr/bin/python3 -W ignore:setup.py install is deprecated -W ignore:easy_install command is deprecated setup.py egg_info --egg-base ../../build/pca9685_control build --build-base /home/yusen/auto_car/build/pca9685_control/build install --record /home/yusen/auto_car/build/pca9685_control/install.log --single-version-externally-managed install_data
[5.761s] running egg_info
[5.867s] writing ../../build/pca9685_control/pca9685_control.egg-info/PKG-INFO
[6.804s] writing dependency_links to ../../build/pca9685_control/pca9685_control.egg-info/dependency_links.txt
[6.807s] writing entry points to ../../build/pca9685_control/pca9685_control.egg-info/entry_points.txt
[6.809s] writing requirements to ../../build/pca9685_control/pca9685_control.egg-info/requires.txt
[6.810s] writing top-level names to ../../build/pca9685_control/pca9685_control.egg-info/top_level.txt
[7.033s] reading manifest file '../../build/pca9685_control/pca9685_control.egg-info/SOURCES.txt'
[7.035s] adding license file 'LICENSE'
[7.037s] writing manifest file '../../build/pca9685_control/pca9685_control.egg-info/SOURCES.txt'
[7.038s] running build
[7.038s] running build_py
[7.039s] copying pca9685_control/publisher_member_function.py -> /home/yusen/auto_car/build/pca9685_control/build/lib/pca9685_control
[7.040s] copying pca9685_control/subscriber_member_function.py -> /home/yusen/auto_car/build/pca9685_control/build/lib/pca9685_control
[7.042s] running install
[7.071s] running install_lib
[7.179s] copying /home/yusen/auto_car/build/pca9685_control/build/lib/pca9685_control/publisher_member_function.py -> /home/yusen/auto_car/install/pca9685_control/lib/python3.12/site-packages/pca9685_control
[7.180s] copying /home/yusen/auto_car/build/pca9685_control/build/lib/pca9685_control/subscriber_member_function.py -> /home/yusen/auto_car/install/pca9685_control/lib/python3.12/site-packages/pca9685_control
[7.183s] byte-compiling /home/yusen/auto_car/install/pca9685_control/lib/python3.12/site-packages/pca9685_control/publisher_member_function.py to publisher_member_function.cpython-312.pyc
[7.186s] byte-compiling /home/yusen/auto_car/install/pca9685_control/lib/python3.12/site-packages/pca9685_control/subscriber_member_function.py to subscriber_member_function.cpython-312.pyc
[7.189s] running install_data
[7.189s] copying package.xml -> /home/yusen/auto_car/install/pca9685_control/share/pca9685_control
[7.190s] running install_egg_info
[7.309s] removing '/home/yusen/auto_car/install/pca9685_control/lib/python3.12/site-packages/pca9685_control-0.0.0-py3.12.egg-info' (and everything under it)
[7.311s] Copying ../../build/pca9685_control/pca9685_control.egg-info to /home/yusen/auto_car/install/pca9685_control/lib/python3.12/site-packages/pca9685_control-0.0.0-py3.12.egg-info
[7.318s] running install_scripts
[8.130s] Installing listener script to /home/yusen/auto_car/install/pca9685_control/lib/pca9685_control
[8.131s] Installing my_node script to /home/yusen/auto_car/install/pca9685_control/lib/pca9685_control
[8.141s] Installing talker script to /home/yusen/auto_car/install/pca9685_control/lib/pca9685_control
[8.143s] writing list of installed files to '/home/yusen/auto_car/build/pca9685_control/install.log'
[8.317s] Invoked command in '/home/yusen/auto_car/src/pca9685_control' returned '0': DEBUGINFOD_URLS=https://debuginfod.ubuntu.com PYTHONPATH=/home/yusen/auto_car/build/pca9685_control/prefix_override:/usr/lib/python3/dist-packages/colcon_core/task/python/colcon_distutils_commands:/home/yusen/auto_car/install/pca9685_control/lib/python3.12/site-packages:${PYTHONPATH} /usr/bin/python3 -W ignore:setup.py install is deprecated -W ignore:easy_install command is deprecated setup.py egg_info --egg-base ../../build/pca9685_control build --build-base /home/yusen/auto_car/build/pca9685_control/build install --record /home/yusen/auto_car/build/pca9685_control/install.log --single-version-externally-managed install_data
