[4.405s] Invoking command in '/home/yusen/auto_car/src/pca9685_control': DEBUGINFOD_URLS=https://debuginfod.ubuntu.com PYTHONPATH=/home/yusen/auto_car/build/pca9685_control/prefix_override:/usr/lib/python3/dist-packages/colcon_core/task/python/colcon_distutils_commands:/home/yusen/auto_car/install/pca9685_control/lib/python3.12/site-packages:${PYTHONPATH} /usr/bin/python3 -W ignore:setup.py install is deprecated -W ignore:easy_install command is deprecated setup.py egg_info --egg-base ../../build/pca9685_control build --build-base /home/yusen/auto_car/build/pca9685_control/build install --record /home/yusen/auto_car/build/pca9685_control/install.log --single-version-externally-managed install_data
[5.812s] running egg_info
[5.918s] writing ../../build/pca9685_control/pca9685_control.egg-info/PKG-INFO
[5.919s] writing dependency_links to ../../build/pca9685_control/pca9685_control.egg-info/dependency_links.txt
[5.921s] writing entry points to ../../build/pca9685_control/pca9685_control.egg-info/entry_points.txt
[5.922s] writing requirements to ../../build/pca9685_control/pca9685_control.egg-info/requires.txt
[5.923s] writing top-level names to ../../build/pca9685_control/pca9685_control.egg-info/top_level.txt
[6.145s] reading manifest file '../../build/pca9685_control/pca9685_control.egg-info/SOURCES.txt'
[6.147s] adding license file 'LICENSE'
[6.150s] writing manifest file '../../build/pca9685_control/pca9685_control.egg-info/SOURCES.txt'
[6.151s] running build
[6.151s] running build_py
[6.153s] copying pca9685_control/subscriber_member_function.py -> /home/yusen/auto_car/build/pca9685_control/build/lib/pca9685_control
[6.154s] running install
[6.179s] running install_lib
[6.288s] copying /home/yusen/auto_car/build/pca9685_control/build/lib/pca9685_control/subscriber_member_function.py -> /home/yusen/auto_car/install/pca9685_control/lib/python3.12/site-packages/pca9685_control
[6.291s] byte-compiling /home/yusen/auto_car/install/pca9685_control/lib/python3.12/site-packages/pca9685_control/subscriber_member_function.py to subscriber_member_function.cpython-312.pyc
[6.294s] running install_data
[6.295s] running install_egg_info
[6.411s] removing '/home/yusen/auto_car/install/pca9685_control/lib/python3.12/site-packages/pca9685_control-0.0.0-py3.12.egg-info' (and everything under it)
[6.414s] Copying ../../build/pca9685_control/pca9685_control.egg-info to /home/yusen/auto_car/install/pca9685_control/lib/python3.12/site-packages/pca9685_control-0.0.0-py3.12.egg-info
[6.421s] running install_scripts
[7.217s] Installing listener script to /home/yusen/auto_car/install/pca9685_control/lib/pca9685_control
[7.218s] Installing my_node script to /home/yusen/auto_car/install/pca9685_control/lib/pca9685_control
[7.219s] Installing talker script to /home/yusen/auto_car/install/pca9685_control/lib/pca9685_control
[7.221s] writing list of installed files to '/home/yusen/auto_car/build/pca9685_control/install.log'
[7.388s] Invoked command in '/home/yusen/auto_car/src/pca9685_control' returned '0': DEBUGINFOD_URLS=https://debuginfod.ubuntu.com PYTHONPATH=/home/yusen/auto_car/build/pca9685_control/prefix_override:/usr/lib/python3/dist-packages/colcon_core/task/python/colcon_distutils_commands:/home/yusen/auto_car/install/pca9685_control/lib/python3.12/site-packages:${PYTHONPATH} /usr/bin/python3 -W ignore:setup.py install is deprecated -W ignore:easy_install command is deprecated setup.py egg_info --egg-base ../../build/pca9685_control build --build-base /home/yusen/auto_car/build/pca9685_control/build install --record /home/yusen/auto_car/build/pca9685_control/install.log --single-version-externally-managed install_data
